[0m[[0m[0mdebug[0m] [0m[0m> Exec(compile, Some(46570c40-cf86-4c66-be16-dd9699f7094d), Some(CommandSource(console0)))[0m
[0m[[0m[0mdebug[0m] [0m[0mEvaluating tasks: Compile / compile[0m
[0m[[0m[0mdebug[0m] [0m[0mRunning task... Cancel: Signal, check cycles: false, forcegc: true[0m
[0m[[0m[0minfo[0m] [0m[0mcompiling 1 Scala source to /home/victor/Scala/BulkySourcesPlugin/target/scala-2.13/sbt-1.0/classes ...[0m
[0m[[0m[31merror[0m] [0m[0m/home/victor/Scala/BulkySourcesPlugin/src/main/scala/BulkySourcesPlugin.scala:7:46: exception during macro expansion: [0m
[0m[[0m[31merror[0m] [0m[0mjava.lang.ClassNotFoundException: scala.Serializable[0m
[0m[[0m[31merror[0m] [0m[0m	at java.base/java.net.URLClassLoader.findClass(URLClassLoader.java:471)[0m
[0m[[0m[31merror[0m] [0m[0m	at java.base/java.lang.ClassLoader.loadClass(ClassLoader.java:589)[0m
[0m[[0m[31merror[0m] [0m[0m	at java.base/java.lang.ClassLoader.loadClass(ClassLoader.java:522)[0m
[0m[[0m[31merror[0m] [0m[0m	at sbt.std.KeyMacro$.settingKeyImpl(KeyMacro.scala:20)[0m
[0m[[0m[31merror[0m] [0m[0m  val bulkyThresholdInLines = settingKey[Int]("Minimum number of lines ")[0m
[0m[[0m[31merror[0m] [0m[0m                                             ^[0m
[0m[[0m[31merror[0m] [0m[0m## Exception when compiling 1 sources to /home/victor/Scala/BulkySourcesPlugin/target/scala-2.13/sbt-1.0/classes[0m
[0m[[0m[31merror[0m] [0m[0mjava.lang.NoClassDefFoundError: scala/Serializable[0m
[0m[[0m[31merror[0m] [0m[0msbt.std.KeyMacro$.taskKeyImpl(KeyMacro.scala:26)[0m
[0m[[0m[31merror[0m] [0m[0mjava.base/jdk.internal.reflect.NativeMethodAccessorImpl.invoke0(Native Method)[0m
[0m[[0m[31merror[0m] [0m[0mjava.base/jdk.internal.reflect.NativeMethodAccessorImpl.invoke(NativeMethodAccessorImpl.java:62)[0m
[0m[[0m[31merror[0m] [0m[0mjava.base/jdk.internal.reflect.DelegatingMethodAccessorImpl.invoke(DelegatingMethodAccessorImpl.java:43)[0m
[0m[[0m[31merror[0m] [0m[0mjava.base/java.lang.reflect.Method.invoke(Method.java:566)[0m
[0m[[0m[31merror[0m] [0m[0mscala.reflect.macros.runtime.JavaReflectionRuntimes$JavaReflectionResolvers.$anonfun$resolveJavaReflectionRuntime$6(JavaReflectionRuntimes.scala:51)[0m
[0m[[0m[31merror[0m] [0m[0mscala.tools.nsc.typechecker.Macros.macroExpandWithRuntime(Macros.scala:770)[0m
[0m[[0m[31merror[0m] [0m[0mscala.tools.nsc.typechecker.Macros.macroExpandWithRuntime$(Macros.scala:746)[0m
[0m[[0m[31merror[0m] [0m[0mscala.tools.nsc.Global$$anon$6.macroExpandWithRuntime(Global.scala:485)[0m
[0m[[0m[31merror[0m] [0m[0mscala.tools.nsc.typechecker.Macros$MacroExpander.$anonfun$expand$1(Macros.scala:576)[0m
[0m[[0m[31merror[0m] [0m[0mscala.tools.nsc.Global.withInfoLevel(Global.scala:228)[0m
[0m[[0m[31merror[0m] [0m[0mscala.tools.nsc.typechecker.Macros$MacroExpander.expand(Macros.scala:569)[0m
[0m[[0m[31merror[0m] [0m[0mscala.tools.nsc.typechecker.Macros$MacroExpander.apply(Macros.scala:556)[0m
[0m[[0m[31merror[0m] [0m[0mscala.tools.nsc.typechecker.Macros.standardMacroExpand(Macros.scala:731)[0m
[0m[[0m[31merror[0m] [0m[0mscala.tools.nsc.typechecker.Macros.standardMacroExpand$(Macros.scala:729)[0m
[0m[[0m[31merror[0m] [0m[0mscala.tools.nsc.Global$$anon$6.standardMacroExpand(Global.scala:485)[0m
[0m[[0m[31merror[0m] [0m[0mscala.tools.nsc.typechecker.AnalyzerPlugins$$anon$10.default(AnalyzerPlugins.scala:456)[0m
[0m[[0m[31merror[0m] [0m[0mscala.tools.nsc.typechecker.AnalyzerPlugins$$anon$10.default(AnalyzerPlugins.scala:453)[0m
[0m[[0m[31merror[0m] [0m[0mscala.tools.nsc.typechecker.AnalyzerPlugins.invoke(AnalyzerPlugins.scala:410)[0m
[0m[[0m[31merror[0m] [0m[0mscala.tools.nsc.typechecker.AnalyzerPlugins.pluginsMacroExpand(AnalyzerPlugins.scala:453)[0m
[0m[[0m[31merror[0m] [0m[0mscala.tools.nsc.typechecker.AnalyzerPlugins.pluginsMacroExpand$(AnalyzerPlugins.scala:453)[0m
[0m[[0m[31merror[0m] [0m[0mscala.tools.nsc.Global$$anon$6.pluginsMacroExpand(Global.scala:485)[0m
[0m[[0m[31merror[0m] [0m[0mscala.tools.nsc.typechecker.Macros.macroExpand(Macros.scala:720)[0m
[0m[[0m[31merror[0m] [0m[0mscala.tools.nsc.typechecker.Macros.macroExpand$(Macros.scala:713)[0m
[0m[[0m[31merror[0m] [0m[0mscala.tools.nsc.Global$$anon$6.macroExpand(Global.scala:485)[0m
[0m[[0m[31merror[0m] [0m[0mscala.tools.nsc.typechecker.Typers$Typer.vanillaAdapt$1(Typers.scala:1205)[0m
[0m[[0m[31merror[0m] [0m[0mscala.tools.nsc.typechecker.Typers$Typer.adapt(Typers.scala:1273)[0m
[0m[[0m[31merror[0m] [0m[0mscala.tools.nsc.typechecker.Typers$Typer.typed(Typers.scala:6008)[0m
[0m[[0m[31merror[0m] [0m[0mscala.tools.nsc.typechecker.Typers$Typer.computeType(Typers.scala:6082)[0m
[0m[[0m[31merror[0m] [0m[0mscala.tools.nsc.typechecker.Namers$Namer.assignTypeToTree(Namers.scala:1138)[0m
[0m[[0m[31merror[0m] [0m[0mscala.tools.nsc.typechecker.Namers$Namer.valDefSig(Namers.scala:1750)[0m
[0m[[0m[31merror[0m] [0m[0mscala.tools.nsc.typechecker.Namers$Namer.memberSig(Namers.scala:1938)[0m
[0m[[0m[31merror[0m] [0m[0mscala.tools.nsc.typechecker.Namers$Namer.typeSig(Namers.scala:1888)[0m
[0m[[0m[31merror[0m] [0m[0mscala.tools.nsc.typechecker.Namers$Namer$ValTypeCompleter.completeImpl(Namers.scala:955)[0m
[0m[[0m[31merror[0m] [0m[0mscala.tools.nsc.typechecker.Namers$LockingTypeCompleter.complete(Namers.scala:2086)[0m
[0m[[0m[31merror[0m] [0m[0mscala.tools.nsc.typechecker.Namers$LockingTypeCompleter.complete$(Namers.scala:2084)[0m
[0m[[0m[31merror[0m] [0m[0mscala.tools.nsc.typechecker.Namers$TypeCompleterBase.complete(Namers.scala:2079)[0m
[0m[[0m[31merror[0m] [0m[0mscala.reflect.internal.Symbols$Symbol.completeInfo(Symbols.scala:1559)[0m
[0m[[0m[31merror[0m] [0m[0mscala.reflect.internal.Symbols$Symbol.info(Symbols.scala:1531)[0m
[0m[[0m[31merror[0m] [0m[0mscala.reflect.internal.Symbols$Symbol.initialize(Symbols.scala:1720)[0m
[0m[[0m[31merror[0m] [0m[0mscala.tools.nsc.typechecker.Typers$Typer.typed1(Typers.scala:5589)[0m
[0m[[0m[31merror[0m] [0m[0mscala.tools.nsc.typechecker.Typers$Typer.typed(Typers.scala:5993)[0m
[0m[[0m[31merror[0m] [0m[0mscala.tools.nsc.typechecker.Typers$Typer.typedStat$1(Typers.scala:6071)[0m
[0m[[0m[31merror[0m] [0m[0mscala.tools.nsc.typechecker.Typers$Typer.$anonfun$typedStats$8(Typers.scala:3403)[0m
[0m[[0m[31merror[0m] [0m[0mscala.tools.nsc.typechecker.Typers$Typer.typedStats(Typers.scala:3403)[0m
[0m[[0m[31merror[0m] [0m[0mscala.tools.nsc.typechecker.Typers$Typer.typedTemplate(Typers.scala:2057)[0m
[0m[[0m[31merror[0m] [0m[0mscala.tools.nsc.typechecker.Typers$Typer.typedModuleDef(Typers.scala:1933)[0m
[0m[[0m[31merror[0m] [0m[0mscala.tools.nsc.typechecker.Typers$Typer.typed1(Typers.scala:5903)[0m
[0m[[0m[31merror[0m] [0m[0mscala.tools.nsc.typechecker.Typers$Typer.typed(Typers.scala:5993)[0m
[0m[[0m[31merror[0m] [0m[0mscala.tools.nsc.typechecker.Typers$Typer.typedStat$1(Typers.scala:6071)[0m
[0m[[0m[31merror[0m] [0m[0mscala.tools.nsc.typechecker.Typers$Typer.$anonfun$typedStats$8(Typers.scala:3403)[0m
[0m[[0m[31merror[0m] [0m[0mscala.tools.nsc.typechecker.Typers$Typer.typedStats(Typers.scala:3403)[0m
[0m[[0m[31merror[0m] [0m[0mscala.tools.nsc.typechecker.Typers$Typer.typedPackageDef$1(Typers.scala:5598)[0m
[0m[[0m[31merror[0m] [0m[0mscala.tools.nsc.typechecker.Typers$Typer.typed1(Typers.scala:5905)[0m
[0m[[0m[31merror[0m] [0m[0mscala.tools.nsc.typechecker.Typers$Typer.typed(Typers.scala:5993)[0m
[0m[[0m[31merror[0m] [0m[0mscala.tools.nsc.typechecker.Analyzer$typerFactory$TyperPhase.apply(Analyzer.scala:117)[0m
[0m[[0m[31merror[0m] [0m[0mscala.tools.nsc.Global$GlobalPhase.applyPhase(Global.scala:454)[0m
[0m[[0m[31merror[0m] [0m[0mscala.tools.nsc.typechecker.Analyzer$typerFactory$TyperPhase.run(Analyzer.scala:105)[0m
[0m[[0m[31merror[0m] [0m[0mscala.tools.nsc.Global$Run.compileUnitsInternal(Global.scala:1515)[0m
[0m[[0m[31merror[0m] [0m[0mscala.tools.nsc.Global$Run.compileUnits(Global.scala:1499)[0m
[0m[[0m[31merror[0m] [0m[0mscala.tools.nsc.Global$Run.compileSources(Global.scala:1491)[0m
[0m[[0m[31merror[0m] [0m[0mscala.tools.nsc.Global$Run.compileFiles(Global.scala:1605)[0m
[0m[[0m[31merror[0m] [0m[0mxsbt.CachedCompiler0.run(CompilerBridge.scala:163)[0m
[0m[[0m[31merror[0m] [0m[0mxsbt.CachedCompiler0.run(CompilerBridge.scala:134)[0m
[0m[[0m[31merror[0m] [0m[0mxsbt.CompilerBridge.run(CompilerBridge.scala:39)[0m
[0m[[0m[31merror[0m] [0m[0msbt.internal.inc.AnalyzingCompiler.compile(AnalyzingCompiler.scala:92)[0m
[0m[[0m[31merror[0m] [0m[0msbt.internal.inc.MixedAnalyzingCompiler.$anonfun$compile$7(MixedAnalyzingCompiler.scala:186)[0m
[0m[[0m[31merror[0m] [0m[0mscala.runtime.java8.JFunction0$mcV$sp.apply(JFunction0$mcV$sp.java:23)[0m
[0m[[0m[31merror[0m] [0m[0msbt.internal.inc.MixedAnalyzingCompiler.timed(MixedAnalyzingCompiler.scala:241)[0m
[0m[[0m[31merror[0m] [0m[0msbt.internal.inc.MixedAnalyzingCompiler.$anonfun$compile$4(MixedAnalyzingCompiler.scala:176)[0m
[0m[[0m[31merror[0m] [0m[0msbt.internal.inc.MixedAnalyzingCompiler.$anonfun$compile$4$adapted(MixedAnalyzingCompiler.scala:157)[0m
[0m[[0m[31merror[0m] [0m[0msbt.internal.inc.JarUtils$.withPreviousJar(JarUtils.scala:239)[0m
[0m[[0m[31merror[0m] [0m[0msbt.internal.inc.MixedAnalyzingCompiler.compileScala$1(MixedAnalyzingCompiler.scala:157)[0m
[0m[[0m[31merror[0m] [0m[0msbt.internal.inc.MixedAnalyzingCompiler.compile(MixedAnalyzingCompiler.scala:204)[0m
[0m[[0m[31merror[0m] [0m[0msbt.internal.inc.IncrementalCompilerImpl.$anonfun$compileInternal$1(IncrementalCompilerImpl.scala:573)[0m
[0m[[0m[31merror[0m] [0m[0msbt.internal.inc.IncrementalCompilerImpl.$anonfun$compileInternal$1$adapted(IncrementalCompilerImpl.scala:573)[0m
[0m[[0m[31merror[0m] [0m[0msbt.internal.inc.Incremental$.$anonfun$apply$5(Incremental.scala:174)[0m
[0m[[0m[31merror[0m] [0m[0msbt.internal.inc.Incremental$.$anonfun$apply$5$adapted(Incremental.scala:172)[0m
[0m[[0m[31merror[0m] [0m[0msbt.internal.inc.Incremental$$anon$2.run(Incremental.scala:459)[0m
[0m[[0m[31merror[0m] [0m[0msbt.internal.inc.IncrementalCommon$CycleState.next(IncrementalCommon.scala:116)[0m
[0m[[0m[31merror[0m] [0m[0msbt.internal.inc.IncrementalCommon$$anon$1.next(IncrementalCommon.scala:56)[0m
[0m[[0m[31merror[0m] [0m[0msbt.internal.inc.IncrementalCommon$$anon$1.next(IncrementalCommon.scala:52)[0m
[0m[[0m[31merror[0m] [0m[0msbt.internal.inc.IncrementalCommon.cycle(IncrementalCommon.scala:261)[0m
[0m[[0m[31merror[0m] [0m[0msbt.internal.inc.Incremental$.$anonfun$incrementalCompile$8(Incremental.scala:414)[0m
[0m[[0m[31merror[0m] [0m[0msbt.internal.inc.Incremental$.withClassfileManager(Incremental.scala:499)[0m
[0m[[0m[31merror[0m] [0m[0msbt.internal.inc.Incremental$.incrementalCompile(Incremental.scala:401)[0m
[0m[[0m[31merror[0m] [0m[0msbt.internal.inc.Incremental$.apply(Incremental.scala:166)[0m
[0m[[0m[31merror[0m] [0m[0msbt.internal.inc.IncrementalCompilerImpl.compileInternal(IncrementalCompilerImpl.scala:573)[0m
[0m[[0m[31merror[0m] [0m[0msbt.internal.inc.IncrementalCompilerImpl.$anonfun$compileIncrementally$1(IncrementalCompilerImpl.scala:491)[0m
[0m[[0m[31merror[0m] [0m[0msbt.internal.inc.IncrementalCompilerImpl.handleCompilationError(IncrementalCompilerImpl.scala:332)[0m
[0m[[0m[31merror[0m] [0m[0msbt.internal.inc.IncrementalCompilerImpl.compileIncrementally(IncrementalCompilerImpl.scala:420)[0m
[0m[[0m[31merror[0m] [0m[0msbt.internal.inc.IncrementalCompilerImpl.compile(IncrementalCompilerImpl.scala:137)[0m
[0m[[0m[31merror[0m] [0m[0msbt.Defaults$.compileIncrementalTaskImpl(Defaults.scala:2177)[0m
[0m[[0m[31merror[0m] [0m[0msbt.Defaults$.$anonfun$compileIncrementalTask$2(Defaults.scala:2134)[0m
[0m[[0m[31merror[0m] [0m[0msbt.internal.io.Retry$.apply(Retry.scala:40)[0m
[0m[[0m[31merror[0m] [0m[0msbt.internal.io.Retry$.apply(Retry.scala:23)[0m
[0m[[0m[31merror[0m] [0m[0msbt.internal.server.BspCompileTask$.compute(BspCompileTask.scala:31)[0m
[0m[[0m[31merror[0m] [0m[0msbt.Defaults$.$anonfun$compileIncrementalTask$1(Defaults.scala:2130)[0m
[0m[[0m[31merror[0m] [0m[0mscala.Function1.$anonfun$compose$1(Function1.scala:49)[0m
[0m[[0m[31merror[0m] [0m[0msbt.internal.util.$tilde$greater.$anonfun$$u2219$1(TypeFunctions.scala:62)[0m
[0m[[0m[31merror[0m] [0m[0msbt.std.Transform$$anon$4.work(Transform.scala:68)[0m
[0m[[0m[31merror[0m] [0m[0msbt.Execute.$anonfun$submit$2(Execute.scala:282)[0m
[0m[[0m[31merror[0m] [0m[0msbt.internal.util.ErrorHandling$.wideConvert(ErrorHandling.scala:23)[0m
[0m[[0m[31merror[0m] [0m[0msbt.Execute.work(Execute.scala:291)[0m
[0m[[0m[31merror[0m] [0m[0msbt.Execute.$anonfun$submit$1(Execute.scala:282)[0m
[0m[[0m[31merror[0m] [0m[0msbt.ConcurrentRestrictions$$anon$4.$anonfun$submitValid$1(ConcurrentRestrictions.scala:265)[0m
[0m[[0m[31merror[0m] [0m[0msbt.CompletionService$$anon$2.call(CompletionService.scala:64)[0m
[0m[[0m[31merror[0m] [0m[0mjava.base/java.util.concurrent.FutureTask.run(FutureTask.java:264)[0m
[0m[[0m[31merror[0m] [0m[0mjava.base/java.util.concurrent.Executors$RunnableAdapter.call(Executors.java:515)[0m
[0m[[0m[31merror[0m] [0m[0mjava.base/java.util.concurrent.FutureTask.run(FutureTask.java:264)[0m
[0m[[0m[31merror[0m] [0m[0mjava.base/java.util.concurrent.ThreadPoolExecutor.runWorker(ThreadPoolExecutor.java:1128)[0m
[0m[[0m[31merror[0m] [0m[0mjava.base/java.util.concurrent.ThreadPoolExecutor$Worker.run(ThreadPoolExecutor.java:628)[0m
[0m[[0m[31merror[0m] [0m[0mjava.base/java.lang.Thread.run(Thread.java:834)[0m
[0m[[0m[31merror[0m] [0m[0m           [0m
[0m[[0m[31merror[0m] [0m[0mjava.lang.NoClassDefFoundError: scala/Serializable[0m
[0m[[0m[31merror[0m] [0m[0m	at sbt.std.KeyMacro$.taskKeyImpl(KeyMacro.scala:26)[0m
[0m[[0m[31merror[0m] [0m[0m	at java.base/jdk.internal.reflect.NativeMethodAccessorImpl.invoke0(Native Method)[0m
[0m[[0m[31merror[0m] [0m[0m	at java.base/jdk.internal.reflect.NativeMethodAccessorImpl.invoke(NativeMethodAccessorImpl.java:62)[0m
[0m[[0m[31merror[0m] [0m[0m	at java.base/jdk.internal.reflect.DelegatingMethodAccessorImpl.invoke(DelegatingMethodAccessorImpl.java:43)[0m
[0m[[0m[31merror[0m] [0m[0m	at java.base/java.lang.reflect.Method.invoke(Method.java:566)[0m
[0m[[0m[31merror[0m] [0m[0m	at scala.reflect.macros.runtime.JavaReflectionRuntimes$JavaReflectionResolvers.$anonfun$resolveJavaReflectionRuntime$6(JavaReflectionRuntimes.scala:51)[0m
[0m[[0m[31merror[0m] [0m[0m	at scala.tools.nsc.typechecker.Macros.macroExpandWithRuntime(Macros.scala:770)[0m
[0m[[0m[31merror[0m] [0m[0m	at scala.tools.nsc.typechecker.Macros.macroExpandWithRuntime$(Macros.scala:746)[0m
[0m[[0m[31merror[0m] [0m[0m	at scala.tools.nsc.Global$$anon$6.macroExpandWithRuntime(Global.scala:485)[0m
[0m[[0m[31merror[0m] [0m[0m	at scala.tools.nsc.typechecker.Macros$MacroExpander.$anonfun$expand$1(Macros.scala:576)[0m
[0m[[0m[31merror[0m] [0m[0m	at scala.tools.nsc.Global.withInfoLevel(Global.scala:228)[0m
[0m[[0m[31merror[0m] [0m[0m	at scala.tools.nsc.typechecker.Macros$MacroExpander.expand(Macros.scala:569)[0m
[0m[[0m[31merror[0m] [0m[0m	at scala.tools.nsc.typechecker.Macros$MacroExpander.apply(Macros.scala:556)[0m
[0m[[0m[31merror[0m] [0m[0m	at scala.tools.nsc.typechecker.Macros.standardMacroExpand(Macros.scala:731)[0m
[0m[[0m[31merror[0m] [0m[0m	at scala.tools.nsc.typechecker.Macros.standardMacroExpand$(Macros.scala:729)[0m
[0m[[0m[31merror[0m] [0m[0m	at scala.tools.nsc.Global$$anon$6.standardMacroExpand(Global.scala:485)[0m
[0m[[0m[31merror[0m] [0m[0m	at scala.tools.nsc.typechecker.AnalyzerPlugins$$anon$10.default(AnalyzerPlugins.scala:456)[0m
[0m[[0m[31merror[0m] [0m[0m	at scala.tools.nsc.typechecker.AnalyzerPlugins$$anon$10.default(AnalyzerPlugins.scala:453)[0m
[0m[[0m[31merror[0m] [0m[0m	at scala.tools.nsc.typechecker.AnalyzerPlugins.invoke(AnalyzerPlugins.scala:410)[0m
[0m[[0m[31merror[0m] [0m[0m	at scala.tools.nsc.typechecker.AnalyzerPlugins.pluginsMacroExpand(AnalyzerPlugins.scala:453)[0m
[0m[[0m[31merror[0m] [0m[0m	at scala.tools.nsc.typechecker.AnalyzerPlugins.pluginsMacroExpand$(AnalyzerPlugins.scala:453)[0m
[0m[[0m[31merror[0m] [0m[0m	at scala.tools.nsc.Global$$anon$6.pluginsMacroExpand(Global.scala:485)[0m
[0m[[0m[31merror[0m] [0m[0m	at scala.tools.nsc.typechecker.Macros.macroExpand(Macros.scala:720)[0m
[0m[[0m[31merror[0m] [0m[0m	at scala.tools.nsc.typechecker.Macros.macroExpand$(Macros.scala:713)[0m
[0m[[0m[31merror[0m] [0m[0m	at scala.tools.nsc.Global$$anon$6.macroExpand(Global.scala:485)[0m
[0m[[0m[31merror[0m] [0m[0m	at scala.tools.nsc.typechecker.Typers$Typer.vanillaAdapt$1(Typers.scala:1205)[0m
[0m[[0m[31merror[0m] [0m[0m	at scala.tools.nsc.typechecker.Typers$Typer.adapt(Typers.scala:1273)[0m
[0m[[0m[31merror[0m] [0m[0m	at scala.tools.nsc.typechecker.Typers$Typer.typed(Typers.scala:6008)[0m
[0m[[0m[31merror[0m] [0m[0m	at scala.tools.nsc.typechecker.Typers$Typer.computeType(Typers.scala:6082)[0m
[0m[[0m[31merror[0m] [0m[0m	at scala.tools.nsc.typechecker.Namers$Namer.assignTypeToTree(Namers.scala:1138)[0m
[0m[[0m[31merror[0m] [0m[0m	at scala.tools.nsc.typechecker.Namers$Namer.valDefSig(Namers.scala:1750)[0m
[0m[[0m[31merror[0m] [0m[0m	at scala.tools.nsc.typechecker.Namers$Namer.memberSig(Namers.scala:1938)[0m
[0m[[0m[31merror[0m] [0m[0m	at scala.tools.nsc.typechecker.Namers$Namer.typeSig(Namers.scala:1888)[0m
[0m[[0m[31merror[0m] [0m[0m	at scala.tools.nsc.typechecker.Namers$Namer$ValTypeCompleter.completeImpl(Namers.scala:955)[0m
[0m[[0m[31merror[0m] [0m[0m	at scala.tools.nsc.typechecker.Namers$LockingTypeCompleter.complete(Namers.scala:2086)[0m
[0m[[0m[31merror[0m] [0m[0m	at scala.tools.nsc.typechecker.Namers$LockingTypeCompleter.complete$(Namers.scala:2084)[0m
[0m[[0m[31merror[0m] [0m[0m	at scala.tools.nsc.typechecker.Namers$TypeCompleterBase.complete(Namers.scala:2079)[0m
[0m[[0m[31merror[0m] [0m[0m	at scala.reflect.internal.Symbols$Symbol.completeInfo(Symbols.scala:1559)[0m
[0m[[0m[31merror[0m] [0m[0m	at scala.reflect.internal.Symbols$Symbol.info(Symbols.scala:1531)[0m
[0m[[0m[31merror[0m] [0m[0m	at scala.reflect.internal.Symbols$Symbol.initialize(Symbols.scala:1720)[0m
[0m[[0m[31merror[0m] [0m[0m	at scala.tools.nsc.typechecker.Typers$Typer.typed1(Typers.scala:5589)[0m
[0m[[0m[31merror[0m] [0m[0m	at scala.tools.nsc.typechecker.Typers$Typer.typed(Typers.scala:5993)[0m
[0m[[0m[31merror[0m] [0m[0m	at scala.tools.nsc.typechecker.Typers$Typer.typedStat$1(Typers.scala:6071)[0m
[0m[[0m[31merror[0m] [0m[0m	at scala.tools.nsc.typechecker.Typers$Typer.$anonfun$typedStats$8(Typers.scala:3403)[0m
[0m[[0m[31merror[0m] [0m[0m	at scala.tools.nsc.typechecker.Typers$Typer.typedStats(Typers.scala:3403)[0m
[0m[[0m[31merror[0m] [0m[0m	at scala.tools.nsc.typechecker.Typers$Typer.typedTemplate(Typers.scala:2057)[0m
[0m[[0m[31merror[0m] [0m[0m	at scala.tools.nsc.typechecker.Typers$Typer.typedModuleDef(Typers.scala:1933)[0m
[0m[[0m[31merror[0m] [0m[0m	at scala.tools.nsc.typechecker.Typers$Typer.typed1(Typers.scala:5903)[0m
[0m[[0m[31merror[0m] [0m[0m	at scala.tools.nsc.typechecker.Typers$Typer.typed(Typers.scala:5993)[0m
[0m[[0m[31merror[0m] [0m[0m	at scala.tools.nsc.typechecker.Typers$Typer.typedStat$1(Typers.scala:6071)[0m
[0m[[0m[31merror[0m] [0m[0m	at scala.tools.nsc.typechecker.Typers$Typer.$anonfun$typedStats$8(Typers.scala:3403)[0m
[0m[[0m[31merror[0m] [0m[0m	at scala.tools.nsc.typechecker.Typers$Typer.typedStats(Typers.scala:3403)[0m
[0m[[0m[31merror[0m] [0m[0m	at scala.tools.nsc.typechecker.Typers$Typer.typedPackageDef$1(Typers.scala:5598)[0m
[0m[[0m[31merror[0m] [0m[0m	at scala.tools.nsc.typechecker.Typers$Typer.typed1(Typers.scala:5905)[0m
[0m[[0m[31merror[0m] [0m[0m	at scala.tools.nsc.typechecker.Typers$Typer.typed(Typers.scala:5993)[0m
[0m[[0m[31merror[0m] [0m[0m	at scala.tools.nsc.typechecker.Analyzer$typerFactory$TyperPhase.apply(Analyzer.scala:117)[0m
[0m[[0m[31merror[0m] [0m[0m	at scala.tools.nsc.Global$GlobalPhase.applyPhase(Global.scala:454)[0m
[0m[[0m[31merror[0m] [0m[0m	at scala.tools.nsc.typechecker.Analyzer$typerFactory$TyperPhase.run(Analyzer.scala:105)[0m
[0m[[0m[31merror[0m] [0m[0m	at scala.tools.nsc.Global$Run.compileUnitsInternal(Global.scala:1515)[0m
[0m[[0m[31merror[0m] [0m[0m	at scala.tools.nsc.Global$Run.compileUnits(Global.scala:1499)[0m
[0m[[0m[31merror[0m] [0m[0m	at scala.tools.nsc.Global$Run.compileSources(Global.scala:1491)[0m
[0m[[0m[31merror[0m] [0m[0m	at scala.tools.nsc.Global$Run.compileFiles(Global.scala:1605)[0m
[0m[[0m[31merror[0m] [0m[0m	at xsbt.CachedCompiler0.run(CompilerBridge.scala:163)[0m
[0m[[0m[31merror[0m] [0m[0m	at xsbt.CachedCompiler0.run(CompilerBridge.scala:134)[0m
[0m[[0m[31merror[0m] [0m[0m	at xsbt.CompilerBridge.run(CompilerBridge.scala:39)[0m
[0m[[0m[31merror[0m] [0m[0m	at sbt.internal.inc.AnalyzingCompiler.compile(AnalyzingCompiler.scala:92)[0m
[0m[[0m[31merror[0m] [0m[0m	at sbt.internal.inc.MixedAnalyzingCompiler.$anonfun$compile$7(MixedAnalyzingCompiler.scala:186)[0m
[0m[[0m[31merror[0m] [0m[0m	at scala.runtime.java8.JFunction0$mcV$sp.apply(JFunction0$mcV$sp.java:23)[0m
[0m[[0m[31merror[0m] [0m[0m	at sbt.internal.inc.MixedAnalyzingCompiler.timed(MixedAnalyzingCompiler.scala:241)[0m
[0m[[0m[31merror[0m] [0m[0m	at sbt.internal.inc.MixedAnalyzingCompiler.$anonfun$compile$4(MixedAnalyzingCompiler.scala:176)[0m
[0m[[0m[31merror[0m] [0m[0m	at sbt.internal.inc.MixedAnalyzingCompiler.$anonfun$compile$4$adapted(MixedAnalyzingCompiler.scala:157)[0m
[0m[[0m[31merror[0m] [0m[0m	at sbt.internal.inc.JarUtils$.withPreviousJar(JarUtils.scala:239)[0m
[0m[[0m[31merror[0m] [0m[0m	at sbt.internal.inc.MixedAnalyzingCompiler.compileScala$1(MixedAnalyzingCompiler.scala:157)[0m
[0m[[0m[31merror[0m] [0m[0m	at sbt.internal.inc.MixedAnalyzingCompiler.compile(MixedAnalyzingCompiler.scala:204)[0m
[0m[[0m[31merror[0m] [0m[0m	at sbt.internal.inc.IncrementalCompilerImpl.$anonfun$compileInternal$1(IncrementalCompilerImpl.scala:573)[0m
[0m[[0m[31merror[0m] [0m[0m	at sbt.internal.inc.IncrementalCompilerImpl.$anonfun$compileInternal$1$adapted(IncrementalCompilerImpl.scala:573)[0m
[0m[[0m[31merror[0m] [0m[0m	at sbt.internal.inc.Incremental$.$anonfun$apply$5(Incremental.scala:174)[0m
[0m[[0m[31merror[0m] [0m[0m	at sbt.internal.inc.Incremental$.$anonfun$apply$5$adapted(Incremental.scala:172)[0m
[0m[[0m[31merror[0m] [0m[0m	at sbt.internal.inc.Incremental$$anon$2.run(Incremental.scala:459)[0m
[0m[[0m[31merror[0m] [0m[0m	at sbt.internal.inc.IncrementalCommon$CycleState.next(IncrementalCommon.scala:116)[0m
[0m[[0m[31merror[0m] [0m[0m	at sbt.internal.inc.IncrementalCommon$$anon$1.next(IncrementalCommon.scala:56)[0m
[0m[[0m[31merror[0m] [0m[0m	at sbt.internal.inc.IncrementalCommon$$anon$1.next(IncrementalCommon.scala:52)[0m
[0m[[0m[31merror[0m] [0m[0m	at sbt.internal.inc.IncrementalCommon.cycle(IncrementalCommon.scala:261)[0m
[0m[[0m[31merror[0m] [0m[0m	at sbt.internal.inc.Incremental$.$anonfun$incrementalCompile$8(Incremental.scala:414)[0m
[0m[[0m[31merror[0m] [0m[0m	at sbt.internal.inc.Incremental$.withClassfileManager(Incremental.scala:499)[0m
[0m[[0m[31merror[0m] [0m[0m	at sbt.internal.inc.Incremental$.incrementalCompile(Incremental.scala:401)[0m
[0m[[0m[31merror[0m] [0m[0m	at sbt.internal.inc.Incremental$.apply(Incremental.scala:166)[0m
[0m[[0m[31merror[0m] [0m[0m	at sbt.internal.inc.IncrementalCompilerImpl.compileInternal(IncrementalCompilerImpl.scala:573)[0m
[0m[[0m[31merror[0m] [0m[0m	at sbt.internal.inc.IncrementalCompilerImpl.$anonfun$compileIncrementally$1(IncrementalCompilerImpl.scala:491)[0m
[0m[[0m[31merror[0m] [0m[0m	at sbt.internal.inc.IncrementalCompilerImpl.handleCompilationError(IncrementalCompilerImpl.scala:332)[0m
[0m[[0m[31merror[0m] [0m[0m	at sbt.internal.inc.IncrementalCompilerImpl.compileIncrementally(IncrementalCompilerImpl.scala:420)[0m
[0m[[0m[31merror[0m] [0m[0m	at sbt.internal.inc.IncrementalCompilerImpl.compile(IncrementalCompilerImpl.scala:137)[0m
[0m[[0m[31merror[0m] [0m[0m	at sbt.Defaults$.compileIncrementalTaskImpl(Defaults.scala:2177)[0m
[0m[[0m[31merror[0m] [0m[0m	at sbt.Defaults$.$anonfun$compileIncrementalTask$2(Defaults.scala:2134)[0m
[0m[[0m[31merror[0m] [0m[0m	at sbt.internal.io.Retry$.apply(Retry.scala:40)[0m
[0m[[0m[31merror[0m] [0m[0m	at sbt.internal.io.Retry$.apply(Retry.scala:23)[0m
[0m[[0m[31merror[0m] [0m[0m	at sbt.internal.server.BspCompileTask$.compute(BspCompileTask.scala:31)[0m
[0m[[0m[31merror[0m] [0m[0m	at sbt.Defaults$.$anonfun$compileIncrementalTask$1(Defaults.scala:2130)[0m
[0m[[0m[31merror[0m] [0m[0m	at scala.Function1.$anonfun$compose$1(Function1.scala:49)[0m
[0m[[0m[31merror[0m] [0m[0m	at sbt.internal.util.$tilde$greater.$anonfun$$u2219$1(TypeFunctions.scala:62)[0m
[0m[[0m[31merror[0m] [0m[0m	at sbt.std.Transform$$anon$4.work(Transform.scala:68)[0m
[0m[[0m[31merror[0m] [0m[0m	at sbt.Execute.$anonfun$submit$2(Execute.scala:282)[0m
[0m[[0m[31merror[0m] [0m[0m	at sbt.internal.util.ErrorHandling$.wideConvert(ErrorHandling.scala:23)[0m
[0m[[0m[31merror[0m] [0m[0m	at sbt.Execute.work(Execute.scala:291)[0m
[0m[[0m[31merror[0m] [0m[0m	at sbt.Execute.$anonfun$submit$1(Execute.scala:282)[0m
[0m[[0m[31merror[0m] [0m[0m	at sbt.ConcurrentRestrictions$$anon$4.$anonfun$submitValid$1(ConcurrentRestrictions.scala:265)[0m
[0m[[0m[31merror[0m] [0m[0m	at sbt.CompletionService$$anon$2.call(CompletionService.scala:64)[0m
[0m[[0m[31merror[0m] [0m[0m	at java.base/java.util.concurrent.FutureTask.run(FutureTask.java:264)[0m
[0m[[0m[31merror[0m] [0m[0m	at java.base/java.util.concurrent.Executors$RunnableAdapter.call(Executors.java:515)[0m
[0m[[0m[31merror[0m] [0m[0m	at java.base/java.util.concurrent.FutureTask.run(FutureTask.java:264)[0m
[0m[[0m[31merror[0m] [0m[0m	at java.base/java.util.concurrent.ThreadPoolExecutor.runWorker(ThreadPoolExecutor.java:1128)[0m
[0m[[0m[31merror[0m] [0m[0m	at java.base/java.util.concurrent.ThreadPoolExecutor$Worker.run(ThreadPoolExecutor.java:628)[0m
[0m[[0m[31merror[0m] [0m[0m	at java.base/java.lang.Thread.run(Thread.java:834)[0m
[0m[[0m[31merror[0m] [0m[0m(Compile / [31mcompileIncremental[0m) java.lang.NoClassDefFoundError: scala/Serializable[0m
[0m[[0m[31merror[0m] [0m[0mTotal time: 4 s, completed 18 февр. 2021 г., 18:03:36[0m
[0m[[0m[0mdebug[0m] [0m[0m> Exec(shell, None, None)[0m
[0m[[0m[0minfo[0m] [0m[0mshutting down sbt server[0m
